<?xml version="1.0" encoding="UTF-8"?>
<!-- Generated by org.testng.reporters.JUnitReportReporter -->
<testsuite skipped="0" hostname="DESKTOP-7GP1KNR" name="TestNg.addbook" tests="1" failures="0" timestamp="14 Oct 2019 03:13:26 GMT" time="16.088" errors="0">
  <testcase name="verfiyaddbook" time="16.088" classname="TestNg.addbook"/>
</testsuite> <!-- TestNg.addbook -->
